<?xml version="1.0" encoding="UTF-8"?>
<!-- Generated by org.testng.reporters.JUnitXMLReporter -->
<testsuite hostname="DESKTOP-N3LRL61" ignored="0" name="Test" tests="5" failures="0" timestamp="2023-09-15T15:10:51 IST" time="64.98" errors="0">
  <testcase name="regClass" time="11.707" classname="Com.demo.test.DemoWebTest"/>
  <testcase name="LogClass" time="10.228" classname="Com.demo.test.DemoWebTest"/>
  <testcase name="aadtcartclass" time="10.348" classname="Com.demo.test.DemoWebTest"/>
  <testcase name="AddressClass" time="12.844" classname="Com.demo.test.DemoWebTest"/>
  <testcase name="PaymentClass" time="13.908" classname="Com.demo.test.DemoWebTest"/>
</testsuite> <!-- Test -->
