<?xml version="1.0" encoding="UTF-8"?>
<!-- Generated by org.testng.reporters.JUnitXMLReporter -->
<testsuite ignored="0" hostname="DESKTOP-N3LRL61" failures="0" tests="5" name="Test" time="61.57" errors="0" timestamp="2023-09-15T15:32:10 IST">
  <testcase classname="Com.demo.test.DemoWebTest" name="regClass" time="10.428"/>
  <testcase classname="Com.demo.test.DemoWebTest" name="LogClass" time="7.216"/>
  <testcase classname="Com.demo.test.DemoWebTest" name="aadtcartclass" time="9.797"/>
  <testcase classname="Com.demo.test.DemoWebTest" name="AddressClass" time="12.61"/>
  <testcase classname="Com.demo.test.DemoWebTest" name="PaymentClass" time="14.548"/>
</testsuite> <!-- Test -->
