<?xml version="1.0" encoding="UTF-8"?>
<testng-results ignored="0" total="5" passed="5" failed="0" skipped="0">
  <reporter-output>
  </reporter-output>
  <suite started-at="2023-09-15T15:31:09 IST" name="Suite" finished-at="2023-09-15T15:32:10 IST" duration-ms="61570">
    <groups>
    </groups>
    <test started-at="2023-09-15T15:31:09 IST" name="Test" finished-at="2023-09-15T15:32:10 IST" duration-ms="61570">
      <class name="Com.demo.test.DemoWebTest">
        <test-method is-config="true" signature="openBrowser()[pri:0, instance:Com.demo.test.DemoWebTest@37654521]" started-at="2023-09-15T15:31:06 IST" name="openBrowser" finished-at="2023-09-15T15:31:09 IST" duration-ms="2462" status="PASS">
          <reporter-output>
          </reporter-output>
        </test-method> <!-- openBrowser -->
        <test-method is-config="true" signature="getUrl(java.lang.String)[pri:0, instance:Com.demo.test.DemoWebTest@37654521]" started-at="2023-09-15T15:31:09 IST" name="getUrl" finished-at="2023-09-15T15:31:14 IST" duration-ms="5490" status="PASS">
          <params>
            <param index="0">
              <value>
                <![CDATA[https://demowebshop.tricentis.com/]]>
              </value>
            </param>
          </params>
          <reporter-output>
          </reporter-output>
        </test-method> <!-- getUrl -->
        <test-method is-config="true" signature="maxi()[pri:0, instance:Com.demo.test.DemoWebTest@37654521]" started-at="2023-09-15T15:31:14 IST" name="maxi" finished-at="2023-09-15T15:31:15 IST" duration-ms="914" status="PASS">
          <reporter-output>
          </reporter-output>
        </test-method> <!-- maxi -->
        <test-method is-config="true" signature="getCookies()[pri:0, instance:Com.demo.test.DemoWebTest@37654521]" started-at="2023-09-15T15:31:15 IST" name="getCookies" finished-at="2023-09-15T15:31:15 IST" duration-ms="16" status="PASS">
          <reporter-output>
          </reporter-output>
        </test-method> <!-- getCookies -->
        <test-method signature="regClass()[pri:1, instance:Com.demo.test.DemoWebTest@37654521]" started-at="2023-09-15T15:31:15 IST" name="regClass" finished-at="2023-09-15T15:31:26 IST" duration-ms="10428" status="PASS">
          <reporter-output>
          </reporter-output>
        </test-method> <!-- regClass -->
        <test-method is-config="true" signature="getCookies()[pri:0, instance:Com.demo.test.DemoWebTest@37654521]" started-at="2023-09-15T15:31:26 IST" name="getCookies" finished-at="2023-09-15T15:31:26 IST" duration-ms="15" status="PASS">
          <reporter-output>
          </reporter-output>
        </test-method> <!-- getCookies -->
        <test-method signature="LogClass()[pri:2, instance:Com.demo.test.DemoWebTest@37654521]" started-at="2023-09-15T15:31:26 IST" name="LogClass" finished-at="2023-09-15T15:31:33 IST" duration-ms="7216" status="PASS">
          <reporter-output>
          </reporter-output>
        </test-method> <!-- LogClass -->
        <test-method is-config="true" signature="getCookies()[pri:0, instance:Com.demo.test.DemoWebTest@37654521]" started-at="2023-09-15T15:31:33 IST" name="getCookies" finished-at="2023-09-15T15:31:33 IST" duration-ms="20" status="PASS">
          <reporter-output>
          </reporter-output>
        </test-method> <!-- getCookies -->
        <test-method signature="aadtcartclass()[pri:3, instance:Com.demo.test.DemoWebTest@37654521]" started-at="2023-09-15T15:31:33 IST" name="aadtcartclass" finished-at="2023-09-15T15:31:43 IST" duration-ms="9797" status="PASS">
          <reporter-output>
          </reporter-output>
        </test-method> <!-- aadtcartclass -->
        <test-method is-config="true" signature="getCookies()[pri:0, instance:Com.demo.test.DemoWebTest@37654521]" started-at="2023-09-15T15:31:43 IST" name="getCookies" finished-at="2023-09-15T15:31:43 IST" duration-ms="10" status="PASS">
          <reporter-output>
          </reporter-output>
        </test-method> <!-- getCookies -->
        <test-method signature="AddressClass(java.lang.String,java.lang.String,java.lang.String,java.lang.String,java.lang.String,java.lang.String,java.lang.String,java.lang.String)[pri:4, instance:Com.demo.test.DemoWebTest@37654521]" started-at="2023-09-15T15:31:43 IST" name="AddressClass" data-provider="getData" finished-at="2023-09-15T15:31:56 IST" duration-ms="12610" status="PASS">
          <params>
            <param index="0">
              <value>
                <![CDATA[tcs]]>
              </value>
            </param>
            <param index="1">
              <value>
                <![CDATA[India]]>
              </value>
            </param>
            <param index="2">
              <value>
                <![CDATA[amravti]]>
              </value>
            </param>
            <param index="3">
              <value>
                <![CDATA[pune]]>
              </value>
            </param>
            <param index="4">
              <value>
                <![CDATA[paratwada]]>
              </value>
            </param>
            <param index="5">
              <value>
                <![CDATA["2015454"]]>
              </value>
            </param>
            <param index="6">
              <value>
                <![CDATA["4562314"]]>
              </value>
            </param>
            <param index="7">
              <value>
                <![CDATA["7458964"]]>
              </value>
            </param>
          </params>
          <reporter-output>
          </reporter-output>
        </test-method> <!-- AddressClass -->
        <test-method is-config="true" signature="getCookies()[pri:0, instance:Com.demo.test.DemoWebTest@37654521]" started-at="2023-09-15T15:31:56 IST" name="getCookies" finished-at="2023-09-15T15:31:56 IST" duration-ms="16" status="PASS">
          <reporter-output>
          </reporter-output>
        </test-method> <!-- getCookies -->
        <test-method signature="PaymentClass()[pri:5, instance:Com.demo.test.DemoWebTest@37654521]" started-at="2023-09-15T15:31:56 IST" name="PaymentClass" finished-at="2023-09-15T15:32:10 IST" duration-ms="14548" status="PASS">
          <reporter-output>
          </reporter-output>
        </test-method> <!-- PaymentClass -->
      </class> <!-- Com.demo.test.DemoWebTest -->
    </test> <!-- Test -->
  </suite> <!-- Suite -->
</testng-results>
