<?xml version="1.0" encoding="UTF-8"?>
<testsuite xmlns:xsi="http://www.w3.org/2001/XMLSchema-instance" xsi:noNamespaceSchemaLocation="https://maven.apache.org/surefire/maven-surefire-plugin/xsd/surefire-test-report-3.0.xsd" version="3.0" name="TestSuite" time="65.385" tests="5" errors="0" skipped="0" failures="0">
  <properties>
[...]
</properties>
  <testcase name="regClass" classname="Com.demo.test.DemoWebTest" time="10.426">
    <system-out><![CDATA[Tejas
Aware
tejas67@gmail.com
Tejas1
Tejas1
]]></system-out>
    <system-err><![CDATA[Starting ChromeDriver 116.0.5845.96 (1a391816688002153ef791ffe60d9e899a71a037-refs/branch-heads/5845@{#1382}) on port 16042
Only local connections are allowed.
Please see https://chromedriver.chromium.org/security-considerations for suggestions on keeping ChromeDriver safe.
ChromeDriver was started successfully.
Sep 15, 2023 3:31:08 PM org.openqa.selenium.remote.ProtocolHandshake createSession
INFO: Detected dialect: W3C
]]></system-err>
  </testcase>
  <testcase name="LogClass" classname="Com.demo.test.DemoWebTest" time="7.218"/>
  <testcase name="aadtcartclass" classname="Com.demo.test.DemoWebTest" time="9.799"/>
  <testcase name="AddressClass[tcs, India, amravti, pune, paratwada, &quot;2015454&quot;, &quot;4562314&quot;, &quot;7458964&quot;](1)" classname="Com.demo.test.DemoWebTest" time="12.609"/>
  <testcase name="PaymentClass" classname="Com.demo.test.DemoWebTest" time="14.549"/>
</testsuite>